<?xml version="1.0" encoding="UTF-8"?>
<testsuite xmlns:xsi="http://www.w3.org/2001/XMLSchema-instance" xsi:noNamespaceSchemaLocation="https://maven.apache.org/surefire/maven-surefire-plugin/xsd/surefire-test-report-3.0.xsd" version="3.0" name="com.interview.mcp.McpClientServiceTest" time="0.715" tests="1" errors="0" skipped="0" failures="0">
  <properties>
    <property name="java.specification.version" value="20"/>
    <property name="sun.cpu.isalist" value="amd64"/>
    <property name="sun.jnu.encoding" value="Cp1252"/>
    <property name="java.class.path" value="D:\Task-2\mcp-spring-boot-client_v2\target\test-classes;D:\Task-2\mcp-spring-boot-client_v2\target\classes;C:\Users\Spars\.m2\repository\org\springframework\boot\spring-boot-starter-web\3.2.0\spring-boot-starter-web-3.2.0.jar;C:\Users\Spars\.m2\repository\org\springframework\boot\spring-boot-starter\3.2.0\spring-boot-starter-3.2.0.jar;C:\Users\Spars\.m2\repository\org\springframework\boot\spring-boot\3.2.0\spring-boot-3.2.0.jar;C:\Users\Spars\.m2\repository\org\springframework\boot\spring-boot-autoconfigure\3.2.0\spring-boot-autoconfigure-3.2.0.jar;C:\Users\Spars\.m2\repository\jakarta\annotation\jakarta.annotation-api\2.1.1\jakarta.annotation-api-2.1.1.jar;C:\Users\Spars\.m2\repository\org\yaml\snakeyaml\2.2\snakeyaml-2.2.jar;C:\Users\Spars\.m2\repository\org\springframework\boot\spring-boot-starter-json\3.2.0\spring-boot-starter-json-3.2.0.jar;C:\Users\Spars\.m2\repository\com\fasterxml\jackson\datatype\jackson-datatype-jdk8\2.15.3\jackson-datatype-jdk8-2.15.3.jar;C:\Users\Spars\.m2\repository\com\fasterxml\jackson\datatype\jackson-datatype-jsr310\2.15.3\jackson-datatype-jsr310-2.15.3.jar;C:\Users\Spars\.m2\repository\com\fasterxml\jackson\module\jackson-module-parameter-names\2.15.3\jackson-module-parameter-names-2.15.3.jar;C:\Users\Spars\.m2\repository\org\springframework\boot\spring-boot-starter-tomcat\3.2.0\spring-boot-starter-tomcat-3.2.0.jar;C:\Users\Spars\.m2\repository\org\apache\tomcat\embed\tomcat-embed-core\10.1.16\tomcat-embed-core-10.1.16.jar;C:\Users\Spars\.m2\repository\org\apache\tomcat\embed\tomcat-embed-websocket\10.1.16\tomcat-embed-websocket-10.1.16.jar;C:\Users\Spars\.m2\repository\org\springframework\spring-web\6.1.1\spring-web-6.1.1.jar;C:\Users\Spars\.m2\repository\org\springframework\spring-beans\6.1.1\spring-beans-6.1.1.jar;C:\Users\Spars\.m2\repository\io\micrometer\micrometer-observation\1.12.0\micrometer-observation-1.12.0.jar;C:\Users\Spars\.m2\repository\io\micrometer\micrometer-commons\1.12.0\micrometer-commons-1.12.0.jar;C:\Users\Spars\.m2\repository\org\springframework\spring-webmvc\6.1.1\spring-webmvc-6.1.1.jar;C:\Users\Spars\.m2\repository\org\springframework\spring-aop\6.1.1\spring-aop-6.1.1.jar;C:\Users\Spars\.m2\repository\org\springframework\spring-context\6.1.1\spring-context-6.1.1.jar;C:\Users\Spars\.m2\repository\org\springframework\spring-expression\6.1.1\spring-expression-6.1.1.jar;C:\Users\Spars\.m2\repository\org\springframework\boot\spring-boot-starter-webflux\3.2.0\spring-boot-starter-webflux-3.2.0.jar;C:\Users\Spars\.m2\repository\org\springframework\boot\spring-boot-starter-reactor-netty\3.2.0\spring-boot-starter-reactor-netty-3.2.0.jar;C:\Users\Spars\.m2\repository\io\projectreactor\netty\reactor-netty-http\1.1.13\reactor-netty-http-1.1.13.jar;C:\Users\Spars\.m2\repository\io\netty\netty-codec-http\4.1.101.Final\netty-codec-http-4.1.101.Final.jar;C:\Users\Spars\.m2\repository\io\netty\netty-common\4.1.101.Final\netty-common-4.1.101.Final.jar;C:\Users\Spars\.m2\repository\io\netty\netty-buffer\4.1.101.Final\netty-buffer-4.1.101.Final.jar;C:\Users\Spars\.m2\repository\io\netty\netty-transport\4.1.101.Final\netty-transport-4.1.101.Final.jar;C:\Users\Spars\.m2\repository\io\netty\netty-codec\4.1.101.Final\netty-codec-4.1.101.Final.jar;C:\Users\Spars\.m2\repository\io\netty\netty-handler\4.1.101.Final\netty-handler-4.1.101.Final.jar;C:\Users\Spars\.m2\repository\io\netty\netty-codec-http2\4.1.101.Final\netty-codec-http2-4.1.101.Final.jar;C:\Users\Spars\.m2\repository\io\netty\netty-resolver-dns\4.1.101.Final\netty-resolver-dns-4.1.101.Final.jar;C:\Users\Spars\.m2\repository\io\netty\netty-resolver\4.1.101.Final\netty-resolver-4.1.101.Final.jar;C:\Users\Spars\.m2\repository\io\netty\netty-codec-dns\4.1.101.Final\netty-codec-dns-4.1.101.Final.jar;C:\Users\Spars\.m2\repository\io\netty\netty-resolver-dns-native-macos\4.1.101.Final\netty-resolver-dns-native-macos-4.1.101.Final-osx-x86_64.jar;C:\Users\Spars\.m2\repository\io\netty\netty-resolver-dns-classes-macos\4.1.101.Final\netty-resolver-dns-classes-macos-4.1.101.Final.jar;C:\Users\Spars\.m2\repository\io\netty\netty-transport-native-epoll\4.1.101.Final\netty-transport-native-epoll-4.1.101.Final-linux-x86_64.jar;C:\Users\Spars\.m2\repository\io\netty\netty-transport-native-unix-common\4.1.101.Final\netty-transport-native-unix-common-4.1.101.Final.jar;C:\Users\Spars\.m2\repository\io\netty\netty-transport-classes-epoll\4.1.101.Final\netty-transport-classes-epoll-4.1.101.Final.jar;C:\Users\Spars\.m2\repository\io\projectreactor\netty\reactor-netty-core\1.1.13\reactor-netty-core-1.1.13.jar;C:\Users\Spars\.m2\repository\io\netty\netty-handler-proxy\4.1.101.Final\netty-handler-proxy-4.1.101.Final.jar;C:\Users\Spars\.m2\repository\io\netty\netty-codec-socks\4.1.101.Final\netty-codec-socks-4.1.101.Final.jar;C:\Users\Spars\.m2\repository\org\springframework\spring-webflux\6.1.1\spring-webflux-6.1.1.jar;C:\Users\Spars\.m2\repository\io\modelcontextprotocol\sdk\mcp\0.12.1\mcp-0.12.1.jar;C:\Users\Spars\.m2\repository\org\slf4j\slf4j-api\2.0.9\slf4j-api-2.0.9.jar;C:\Users\Spars\.m2\repository\io\projectreactor\reactor-core\3.6.0\reactor-core-3.6.0.jar;C:\Users\Spars\.m2\repository\org\reactivestreams\reactive-streams\1.0.4\reactive-streams-1.0.4.jar;C:\Users\Spars\.m2\repository\com\networknt\json-schema-validator\1.5.7\json-schema-validator-1.5.7.jar;C:\Users\Spars\.m2\repository\com\ethlo\time\itu\1.10.3\itu-1.10.3.jar;C:\Users\Spars\.m2\repository\com\fasterxml\jackson\dataformat\jackson-dataformat-yaml\2.15.3\jackson-dataformat-yaml-2.15.3.jar;C:\Users\Spars\.m2\repository\com\fasterxml\jackson\core\jackson-databind\2.15.3\jackson-databind-2.15.3.jar;C:\Users\Spars\.m2\repository\com\fasterxml\jackson\core\jackson-annotations\2.15.3\jackson-annotations-2.15.3.jar;C:\Users\Spars\.m2\repository\com\fasterxml\jackson\core\jackson-core\2.15.3\jackson-core-2.15.3.jar;C:\Users\Spars\.m2\repository\org\springframework\boot\spring-boot-starter-validation\3.2.0\spring-boot-starter-validation-3.2.0.jar;C:\Users\Spars\.m2\repository\org\apache\tomcat\embed\tomcat-embed-el\10.1.16\tomcat-embed-el-10.1.16.jar;C:\Users\Spars\.m2\repository\org\hibernate\validator\hibernate-validator\8.0.1.Final\hibernate-validator-8.0.1.Final.jar;C:\Users\Spars\.m2\repository\jakarta\validation\jakarta.validation-api\3.0.2\jakarta.validation-api-3.0.2.jar;C:\Users\Spars\.m2\repository\org\jboss\logging\jboss-logging\3.5.3.Final\jboss-logging-3.5.3.Final.jar;C:\Users\Spars\.m2\repository\com\fasterxml\classmate\1.6.0\classmate-1.6.0.jar;C:\Users\Spars\.m2\repository\org\springframework\boot\spring-boot-starter-logging\3.2.0\spring-boot-starter-logging-3.2.0.jar;C:\Users\Spars\.m2\repository\ch\qos\logback\logback-classic\1.4.11\logback-classic-1.4.11.jar;C:\Users\Spars\.m2\repository\ch\qos\logback\logback-core\1.4.11\logback-core-1.4.11.jar;C:\Users\Spars\.m2\repository\org\apache\logging\log4j\log4j-to-slf4j\2.21.1\log4j-to-slf4j-2.21.1.jar;C:\Users\Spars\.m2\repository\org\apache\logging\log4j\log4j-api\2.21.1\log4j-api-2.21.1.jar;C:\Users\Spars\.m2\repository\org\slf4j\jul-to-slf4j\2.0.9\jul-to-slf4j-2.0.9.jar;C:\Users\Spars\.m2\repository\org\springframework\boot\spring-boot-starter-test\3.2.0\spring-boot-starter-test-3.2.0.jar;C:\Users\Spars\.m2\repository\org\springframework\boot\spring-boot-test\3.2.0\spring-boot-test-3.2.0.jar;C:\Users\Spars\.m2\repository\org\springframework\boot\spring-boot-test-autoconfigure\3.2.0\spring-boot-test-autoconfigure-3.2.0.jar;C:\Users\Spars\.m2\repository\com\jayway\jsonpath\json-path\2.8.0\json-path-2.8.0.jar;C:\Users\Spars\.m2\repository\jakarta\xml\bind\jakarta.xml.bind-api\4.0.1\jakarta.xml.bind-api-4.0.1.jar;C:\Users\Spars\.m2\repository\jakarta\activation\jakarta.activation-api\2.1.2\jakarta.activation-api-2.1.2.jar;C:\Users\Spars\.m2\repository\net\minidev\json-smart\2.5.0\json-smart-2.5.0.jar;C:\Users\Spars\.m2\repository\net\minidev\accessors-smart\2.5.0\accessors-smart-2.5.0.jar;C:\Users\Spars\.m2\repository\org\ow2\asm\asm\9.3\asm-9.3.jar;C:\Users\Spars\.m2\repository\org\assertj\assertj-core\3.24.2\assertj-core-3.24.2.jar;C:\Users\Spars\.m2\repository\org\awaitility\awaitility\4.2.0\awaitility-4.2.0.jar;C:\Users\Spars\.m2\repository\org\hamcrest\hamcrest\2.2\hamcrest-2.2.jar;C:\Users\Spars\.m2\repository\org\junit\jupiter\junit-jupiter\5.10.1\junit-jupiter-5.10.1.jar;C:\Users\Spars\.m2\repository\org\junit\jupiter\junit-jupiter-api\5.10.1\junit-jupiter-api-5.10.1.jar;C:\Users\Spars\.m2\repository\org\opentest4j\opentest4j\1.3.0\opentest4j-1.3.0.jar;C:\Users\Spars\.m2\repository\org\junit\platform\junit-platform-commons\1.10.1\junit-platform-commons-1.10.1.jar;C:\Users\Spars\.m2\repository\org\apiguardian\apiguardian-api\1.1.2\apiguardian-api-1.1.2.jar;C:\Users\Spars\.m2\repository\org\junit\jupiter\junit-jupiter-params\5.10.1\junit-jupiter-params-5.10.1.jar;C:\Users\Spars\.m2\repository\org\junit\jupiter\junit-jupiter-engine\5.10.1\junit-jupiter-engine-5.10.1.jar;C:\Users\Spars\.m2\repository\org\junit\platform\junit-platform-engine\1.10.1\junit-platform-engine-1.10.1.jar;C:\Users\Spars\.m2\repository\org\mockito\mockito-junit-jupiter\5.7.0\mockito-junit-jupiter-5.7.0.jar;C:\Users\Spars\.m2\repository\org\skyscreamer\jsonassert\1.5.1\jsonassert-1.5.1.jar;C:\Users\Spars\.m2\repository\com\vaadin\external\google\android-json\0.0.20131108.vaadin1\android-json-0.0.20131108.vaadin1.jar;C:\Users\Spars\.m2\repository\org\springframework\spring-core\6.1.1\spring-core-6.1.1.jar;C:\Users\Spars\.m2\repository\org\springframework\spring-jcl\6.1.1\spring-jcl-6.1.1.jar;C:\Users\Spars\.m2\repository\org\xmlunit\xmlunit-core\2.9.1\xmlunit-core-2.9.1.jar;C:\Users\Spars\.m2\repository\org\mockito\mockito-core\5.7.0\mockito-core-5.7.0.jar;C:\Users\Spars\.m2\repository\net\bytebuddy\byte-buddy\1.14.10\byte-buddy-1.14.10.jar;C:\Users\Spars\.m2\repository\net\bytebuddy\byte-buddy-agent\1.14.10\byte-buddy-agent-1.14.10.jar;C:\Users\Spars\.m2\repository\org\objenesis\objenesis\3.3\objenesis-3.3.jar;C:\Users\Spars\.m2\repository\org\springframework\spring-test\6.1.1\spring-test-6.1.1.jar;"/>
    <property name="java.vm.vendor" value="Oracle Corporation"/>
    <property name="sun.arch.data.model" value="64"/>
    <property name="user.variant" value=""/>
    <property name="java.vendor.url" value="https://java.oracle.com/"/>
    <property name="user.timezone" value="Asia/Calcutta"/>
    <property name="org.jboss.logging.provider" value="slf4j"/>
    <property name="user.country.format" value="AS"/>
    <property name="os.name" value="Windows 11"/>
    <property name="java.vm.specification.version" value="20"/>
    <property name="sun.java.launcher" value="SUN_STANDARD"/>
    <property name="user.country" value="GB"/>
    <property name="sun.boot.library.path" value="C:\Program Files\Java\jdk-20\bin"/>
    <property name="sun.java.command" value="C:\Users\Spars\AppData\Local\Temp\surefire7416755390796706239\surefirebooter-20250921001020410_3.jar C:\Users\Spars\AppData\Local\Temp\surefire7416755390796706239 2025-09-21T00-10-20_219-jvmRun1 surefire-20250921001020410_1tmp surefire_0-20250921001020410_2tmp"/>
    <property name="jdk.debug" value="release"/>
    <property name="surefire.test.class.path" value="D:\Task-2\mcp-spring-boot-client_v2\target\test-classes;D:\Task-2\mcp-spring-boot-client_v2\target\classes;C:\Users\Spars\.m2\repository\org\springframework\boot\spring-boot-starter-web\3.2.0\spring-boot-starter-web-3.2.0.jar;C:\Users\Spars\.m2\repository\org\springframework\boot\spring-boot-starter\3.2.0\spring-boot-starter-3.2.0.jar;C:\Users\Spars\.m2\repository\org\springframework\boot\spring-boot\3.2.0\spring-boot-3.2.0.jar;C:\Users\Spars\.m2\repository\org\springframework\boot\spring-boot-autoconfigure\3.2.0\spring-boot-autoconfigure-3.2.0.jar;C:\Users\Spars\.m2\repository\jakarta\annotation\jakarta.annotation-api\2.1.1\jakarta.annotation-api-2.1.1.jar;C:\Users\Spars\.m2\repository\org\yaml\snakeyaml\2.2\snakeyaml-2.2.jar;C:\Users\Spars\.m2\repository\org\springframework\boot\spring-boot-starter-json\3.2.0\spring-boot-starter-json-3.2.0.jar;C:\Users\Spars\.m2\repository\com\fasterxml\jackson\datatype\jackson-datatype-jdk8\2.15.3\jackson-datatype-jdk8-2.15.3.jar;C:\Users\Spars\.m2\repository\com\fasterxml\jackson\datatype\jackson-datatype-jsr310\2.15.3\jackson-datatype-jsr310-2.15.3.jar;C:\Users\Spars\.m2\repository\com\fasterxml\jackson\module\jackson-module-parameter-names\2.15.3\jackson-module-parameter-names-2.15.3.jar;C:\Users\Spars\.m2\repository\org\springframework\boot\spring-boot-starter-tomcat\3.2.0\spring-boot-starter-tomcat-3.2.0.jar;C:\Users\Spars\.m2\repository\org\apache\tomcat\embed\tomcat-embed-core\10.1.16\tomcat-embed-core-10.1.16.jar;C:\Users\Spars\.m2\repository\org\apache\tomcat\embed\tomcat-embed-websocket\10.1.16\tomcat-embed-websocket-10.1.16.jar;C:\Users\Spars\.m2\repository\org\springframework\spring-web\6.1.1\spring-web-6.1.1.jar;C:\Users\Spars\.m2\repository\org\springframework\spring-beans\6.1.1\spring-beans-6.1.1.jar;C:\Users\Spars\.m2\repository\io\micrometer\micrometer-observation\1.12.0\micrometer-observation-1.12.0.jar;C:\Users\Spars\.m2\repository\io\micrometer\micrometer-commons\1.12.0\micrometer-commons-1.12.0.jar;C:\Users\Spars\.m2\repository\org\springframework\spring-webmvc\6.1.1\spring-webmvc-6.1.1.jar;C:\Users\Spars\.m2\repository\org\springframework\spring-aop\6.1.1\spring-aop-6.1.1.jar;C:\Users\Spars\.m2\repository\org\springframework\spring-context\6.1.1\spring-context-6.1.1.jar;C:\Users\Spars\.m2\repository\org\springframework\spring-expression\6.1.1\spring-expression-6.1.1.jar;C:\Users\Spars\.m2\repository\org\springframework\boot\spring-boot-starter-webflux\3.2.0\spring-boot-starter-webflux-3.2.0.jar;C:\Users\Spars\.m2\repository\org\springframework\boot\spring-boot-starter-reactor-netty\3.2.0\spring-boot-starter-reactor-netty-3.2.0.jar;C:\Users\Spars\.m2\repository\io\projectreactor\netty\reactor-netty-http\1.1.13\reactor-netty-http-1.1.13.jar;C:\Users\Spars\.m2\repository\io\netty\netty-codec-http\4.1.101.Final\netty-codec-http-4.1.101.Final.jar;C:\Users\Spars\.m2\repository\io\netty\netty-common\4.1.101.Final\netty-common-4.1.101.Final.jar;C:\Users\Spars\.m2\repository\io\netty\netty-buffer\4.1.101.Final\netty-buffer-4.1.101.Final.jar;C:\Users\Spars\.m2\repository\io\netty\netty-transport\4.1.101.Final\netty-transport-4.1.101.Final.jar;C:\Users\Spars\.m2\repository\io\netty\netty-codec\4.1.101.Final\netty-codec-4.1.101.Final.jar;C:\Users\Spars\.m2\repository\io\netty\netty-handler\4.1.101.Final\netty-handler-4.1.101.Final.jar;C:\Users\Spars\.m2\repository\io\netty\netty-codec-http2\4.1.101.Final\netty-codec-http2-4.1.101.Final.jar;C:\Users\Spars\.m2\repository\io\netty\netty-resolver-dns\4.1.101.Final\netty-resolver-dns-4.1.101.Final.jar;C:\Users\Spars\.m2\repository\io\netty\netty-resolver\4.1.101.Final\netty-resolver-4.1.101.Final.jar;C:\Users\Spars\.m2\repository\io\netty\netty-codec-dns\4.1.101.Final\netty-codec-dns-4.1.101.Final.jar;C:\Users\Spars\.m2\repository\io\netty\netty-resolver-dns-native-macos\4.1.101.Final\netty-resolver-dns-native-macos-4.1.101.Final-osx-x86_64.jar;C:\Users\Spars\.m2\repository\io\netty\netty-resolver-dns-classes-macos\4.1.101.Final\netty-resolver-dns-classes-macos-4.1.101.Final.jar;C:\Users\Spars\.m2\repository\io\netty\netty-transport-native-epoll\4.1.101.Final\netty-transport-native-epoll-4.1.101.Final-linux-x86_64.jar;C:\Users\Spars\.m2\repository\io\netty\netty-transport-native-unix-common\4.1.101.Final\netty-transport-native-unix-common-4.1.101.Final.jar;C:\Users\Spars\.m2\repository\io\netty\netty-transport-classes-epoll\4.1.101.Final\netty-transport-classes-epoll-4.1.101.Final.jar;C:\Users\Spars\.m2\repository\io\projectreactor\netty\reactor-netty-core\1.1.13\reactor-netty-core-1.1.13.jar;C:\Users\Spars\.m2\repository\io\netty\netty-handler-proxy\4.1.101.Final\netty-handler-proxy-4.1.101.Final.jar;C:\Users\Spars\.m2\repository\io\netty\netty-codec-socks\4.1.101.Final\netty-codec-socks-4.1.101.Final.jar;C:\Users\Spars\.m2\repository\org\springframework\spring-webflux\6.1.1\spring-webflux-6.1.1.jar;C:\Users\Spars\.m2\repository\io\modelcontextprotocol\sdk\mcp\0.12.1\mcp-0.12.1.jar;C:\Users\Spars\.m2\repository\org\slf4j\slf4j-api\2.0.9\slf4j-api-2.0.9.jar;C:\Users\Spars\.m2\repository\io\projectreactor\reactor-core\3.6.0\reactor-core-3.6.0.jar;C:\Users\Spars\.m2\repository\org\reactivestreams\reactive-streams\1.0.4\reactive-streams-1.0.4.jar;C:\Users\Spars\.m2\repository\com\networknt\json-schema-validator\1.5.7\json-schema-validator-1.5.7.jar;C:\Users\Spars\.m2\repository\com\ethlo\time\itu\1.10.3\itu-1.10.3.jar;C:\Users\Spars\.m2\repository\com\fasterxml\jackson\dataformat\jackson-dataformat-yaml\2.15.3\jackson-dataformat-yaml-2.15.3.jar;C:\Users\Spars\.m2\repository\com\fasterxml\jackson\core\jackson-databind\2.15.3\jackson-databind-2.15.3.jar;C:\Users\Spars\.m2\repository\com\fasterxml\jackson\core\jackson-annotations\2.15.3\jackson-annotations-2.15.3.jar;C:\Users\Spars\.m2\repository\com\fasterxml\jackson\core\jackson-core\2.15.3\jackson-core-2.15.3.jar;C:\Users\Spars\.m2\repository\org\springframework\boot\spring-boot-starter-validation\3.2.0\spring-boot-starter-validation-3.2.0.jar;C:\Users\Spars\.m2\repository\org\apache\tomcat\embed\tomcat-embed-el\10.1.16\tomcat-embed-el-10.1.16.jar;C:\Users\Spars\.m2\repository\org\hibernate\validator\hibernate-validator\8.0.1.Final\hibernate-validator-8.0.1.Final.jar;C:\Users\Spars\.m2\repository\jakarta\validation\jakarta.validation-api\3.0.2\jakarta.validation-api-3.0.2.jar;C:\Users\Spars\.m2\repository\org\jboss\logging\jboss-logging\3.5.3.Final\jboss-logging-3.5.3.Final.jar;C:\Users\Spars\.m2\repository\com\fasterxml\classmate\1.6.0\classmate-1.6.0.jar;C:\Users\Spars\.m2\repository\org\springframework\boot\spring-boot-starter-logging\3.2.0\spring-boot-starter-logging-3.2.0.jar;C:\Users\Spars\.m2\repository\ch\qos\logback\logback-classic\1.4.11\logback-classic-1.4.11.jar;C:\Users\Spars\.m2\repository\ch\qos\logback\logback-core\1.4.11\logback-core-1.4.11.jar;C:\Users\Spars\.m2\repository\org\apache\logging\log4j\log4j-to-slf4j\2.21.1\log4j-to-slf4j-2.21.1.jar;C:\Users\Spars\.m2\repository\org\apache\logging\log4j\log4j-api\2.21.1\log4j-api-2.21.1.jar;C:\Users\Spars\.m2\repository\org\slf4j\jul-to-slf4j\2.0.9\jul-to-slf4j-2.0.9.jar;C:\Users\Spars\.m2\repository\org\springframework\boot\spring-boot-starter-test\3.2.0\spring-boot-starter-test-3.2.0.jar;C:\Users\Spars\.m2\repository\org\springframework\boot\spring-boot-test\3.2.0\spring-boot-test-3.2.0.jar;C:\Users\Spars\.m2\repository\org\springframework\boot\spring-boot-test-autoconfigure\3.2.0\spring-boot-test-autoconfigure-3.2.0.jar;C:\Users\Spars\.m2\repository\com\jayway\jsonpath\json-path\2.8.0\json-path-2.8.0.jar;C:\Users\Spars\.m2\repository\jakarta\xml\bind\jakarta.xml.bind-api\4.0.1\jakarta.xml.bind-api-4.0.1.jar;C:\Users\Spars\.m2\repository\jakarta\activation\jakarta.activation-api\2.1.2\jakarta.activation-api-2.1.2.jar;C:\Users\Spars\.m2\repository\net\minidev\json-smart\2.5.0\json-smart-2.5.0.jar;C:\Users\Spars\.m2\repository\net\minidev\accessors-smart\2.5.0\accessors-smart-2.5.0.jar;C:\Users\Spars\.m2\repository\org\ow2\asm\asm\9.3\asm-9.3.jar;C:\Users\Spars\.m2\repository\org\assertj\assertj-core\3.24.2\assertj-core-3.24.2.jar;C:\Users\Spars\.m2\repository\org\awaitility\awaitility\4.2.0\awaitility-4.2.0.jar;C:\Users\Spars\.m2\repository\org\hamcrest\hamcrest\2.2\hamcrest-2.2.jar;C:\Users\Spars\.m2\repository\org\junit\jupiter\junit-jupiter\5.10.1\junit-jupiter-5.10.1.jar;C:\Users\Spars\.m2\repository\org\junit\jupiter\junit-jupiter-api\5.10.1\junit-jupiter-api-5.10.1.jar;C:\Users\Spars\.m2\repository\org\opentest4j\opentest4j\1.3.0\opentest4j-1.3.0.jar;C:\Users\Spars\.m2\repository\org\junit\platform\junit-platform-commons\1.10.1\junit-platform-commons-1.10.1.jar;C:\Users\Spars\.m2\repository\org\apiguardian\apiguardian-api\1.1.2\apiguardian-api-1.1.2.jar;C:\Users\Spars\.m2\repository\org\junit\jupiter\junit-jupiter-params\5.10.1\junit-jupiter-params-5.10.1.jar;C:\Users\Spars\.m2\repository\org\junit\jupiter\junit-jupiter-engine\5.10.1\junit-jupiter-engine-5.10.1.jar;C:\Users\Spars\.m2\repository\org\junit\platform\junit-platform-engine\1.10.1\junit-platform-engine-1.10.1.jar;C:\Users\Spars\.m2\repository\org\mockito\mockito-junit-jupiter\5.7.0\mockito-junit-jupiter-5.7.0.jar;C:\Users\Spars\.m2\repository\org\skyscreamer\jsonassert\1.5.1\jsonassert-1.5.1.jar;C:\Users\Spars\.m2\repository\com\vaadin\external\google\android-json\0.0.20131108.vaadin1\android-json-0.0.20131108.vaadin1.jar;C:\Users\Spars\.m2\repository\org\springframework\spring-core\6.1.1\spring-core-6.1.1.jar;C:\Users\Spars\.m2\repository\org\springframework\spring-jcl\6.1.1\spring-jcl-6.1.1.jar;C:\Users\Spars\.m2\repository\org\xmlunit\xmlunit-core\2.9.1\xmlunit-core-2.9.1.jar;C:\Users\Spars\.m2\repository\org\mockito\mockito-core\5.7.0\mockito-core-5.7.0.jar;C:\Users\Spars\.m2\repository\net\bytebuddy\byte-buddy\1.14.10\byte-buddy-1.14.10.jar;C:\Users\Spars\.m2\repository\net\bytebuddy\byte-buddy-agent\1.14.10\byte-buddy-agent-1.14.10.jar;C:\Users\Spars\.m2\repository\org\objenesis\objenesis\3.3\objenesis-3.3.jar;C:\Users\Spars\.m2\repository\org\springframework\spring-test\6.1.1\spring-test-6.1.1.jar;"/>
    <property name="sun.cpu.endian" value="little"/>
    <property name="user.home" value="C:\Users\Spars"/>
    <property name="user.language" value="en"/>
    <property name="java.specification.vendor" value="Oracle Corporation"/>
    <property name="java.version.date" value="2023-07-18"/>
    <property name="java.home" value="C:\Program Files\Java\jdk-20"/>
    <property name="file.separator" value="\"/>
    <property name="basedir" value="D:\Task-2\mcp-spring-boot-client_v2"/>
    <property name="java.vm.compressedOopsMode" value="Zero based"/>
    <property name="line.separator" value="&#10;"/>
    <property name="java.vm.specification.vendor" value="Oracle Corporation"/>
    <property name="java.specification.name" value="Java Platform API Specification"/>
    <property name="FILE_LOG_CHARSET" value="UTF-8"/>
    <property name="java.awt.headless" value="true"/>
    <property name="surefire.real.class.path" value="C:\Users\Spars\AppData\Local\Temp\surefire7416755390796706239\surefirebooter-20250921001020410_3.jar"/>
    <property name="user.script" value=""/>
    <property name="sun.management.compiler" value="HotSpot 64-Bit Tiered Compilers"/>
    <property name="java.runtime.version" value="20.0.2+9-78"/>
    <property name="user.name" value="Spars"/>
    <property name="stdout.encoding" value="Cp1252"/>
    <property name="path.separator" value=";"/>
    <property name="os.version" value="10.0"/>
    <property name="java.runtime.name" value="Java(TM) SE Runtime Environment"/>
    <property name="file.encoding" value="UTF-8"/>
    <property name="FILE_LOG_PATTERN" value="%d{yyyy-MM-dd HH:mm:ss} [%thread] %-5level %logger{36} - %msg%n"/>
    <property name="java.vm.name" value="Java HotSpot(TM) 64-Bit Server VM"/>
    <property name="localRepository" value="C:\Users\Spars\.m2\repository"/>
    <property name="java.vendor.url.bug" value="https://bugreport.java.com/bugreport/"/>
    <property name="java.io.tmpdir" value="C:\Users\Spars\AppData\Local\Temp\"/>
    <property name="java.version" value="20.0.2"/>
    <property name="user.dir" value="D:\Task-2\mcp-spring-boot-client_v2"/>
    <property name="os.arch" value="amd64"/>
    <property name="java.vm.specification.name" value="Java Virtual Machine Specification"/>
    <property name="PID" value="37300"/>
    <property name="sun.os.patch.level" value=""/>
    <property name="CONSOLE_LOG_CHARSET" value="UTF-8"/>
    <property name="native.encoding" value="Cp1252"/>
    <property name="java.library.path" value="C:\Program Files\Java\jdk-20\bin;C:\WINDOWS\Sun\Java\bin;C:\WINDOWS\system32;C:\WINDOWS;D:\Task-2\apache-maven-3.9.11\bin;C:\Program Files\PowerShell\7;C:\Program Files\Common Files\Oracle\Java\javapath;C:\Windows\system32;C:\Windows;C:\Windows\System32\Wbem;C:\Windows\System32\WindowsPowerShell\v1.0\;C:\Windows\System32\OpenSSH\;C:\WINDOWS\system32;C:\WINDOWS;C:\WINDOWS\System32\Wbem;C:\WINDOWS\System32\WindowsPowerShell\v1.0\;C:\WINDOWS\System32\OpenSSH\;C:\Program Files (x86)\NVIDIA Corporation\PhysX\Common;C:\Program Files\nodejs\;C:\Program Files\dotnet\;C:\WINDOWS\system32;C:\WINDOWS;C:\WINDOWS\System32\Wbem;C:\WINDOWS\System32\WindowsPowerShell\v1.0\;C:\WINDOWS\System32\OpenSSH\;C:\Program Files\NVIDIA Corporation\NVIDIA app\NvDLISR;C:\Program Files\Git\cmd;C:\Program Files\PowerShell\7\;C:\msys64\mingw64\bin;C:\Program Files\Common Files\Oracle\Java\javapath;C:\Windows\system32;C:\Windows;C:\Windows\System32\Wbem;C:\Windows\System32\WindowsPowerShell\v1.0\;C:\Windows\System32\OpenSSH\;C:\WINDOWS\system32;C:\WINDOWS;C:\WINDOWS\System32\Wbem;C:\WINDOWS\System32\WindowsPowerShell\v1.0\;C:\WINDOWS\System32\OpenSSH\;C:\Program Files (x86)\NVIDIA Corporation\PhysX\Common;C:\Program Files\nodejs\;C:\Program Files\dotnet\;C:\WINDOWS\system32;C:\WINDOWS;C:\WINDOWS\System32\Wbem;C:\WINDOWS\System32\WindowsPowerShell\v1.0\;C:\WINDOWS\System32\OpenSSH\;C:\Program Files\NVIDIA Corporation\NVIDIA app\NvDLISR;C:\Program Files\Git\cmd;C:\Users\Spars\.cargo\bin;C:\Program Files\Rust stable MSVC 1.89\bin;C:\Program Files\Rust stable MSVC 1.89\bin;C:\Users\Spars\AppData\Local\Programs\Python\Python310\Scripts\;C:\Users\Spars\AppData\Local\Programs\Python\Python310\;C:\Users\Spars\AppData\Local\Programs\Python\Python313\Scripts\;C:\Users\Spars\AppData\Local\Programs\Python\Python313\;C:\Users\Spars\AppData\Local\Microsoft\WindowsApps;C:\Users\Spars\AppData\Local\Programs\Microsoft VS Code\bin;C:\Users\Spars\AppData\Local\Microsoft\WinGet\Packages\Schniz.fnm_Microsoft.Winget.Source_8wekyb3d8bbwe;C:\Users\Spars\AppData\Roaming\npm;S:\Sanket-master\flutter\bin;C:\Users\Spars\AppData\Local\Programs\cursor\resources\app\bin;C:\msys64\mingw64\bin;C:\msys64\mingw64\bin;C:\Users\Spars\AppData\Local\GitHubDesktop\bin;c:\Users\Spars\AppData\Roaming\Code\User\globalStorage\github.copilot-chat\debugCommand;."/>
    <property name="java.vm.info" value="mixed mode, sharing"/>
    <property name="stderr.encoding" value="Cp1252"/>
    <property name="java.vendor" value="Oracle Corporation"/>
    <property name="java.vm.version" value="20.0.2+9-78"/>
    <property name="sun.io.unicode.encoding" value="UnicodeLittle"/>
    <property name="java.class.version" value="64.0"/>
    <property name="CONSOLE_LOG_PATTERN" value="%d{yyyy-MM-dd HH:mm:ss} - %msg%n"/>
    <property name="LOGGED_APPLICATION_NAME" value="[mcp-spring-boot-client] "/>
  </properties>
  <testcase name="contextLoads" classname="com.interview.mcp.McpClientServiceTest" time="0.008">
    <system-out><![CDATA[2025-09-21 00:10:24 - Could not detect default configuration classes for test class [com.interview.mcp.McpClientServiceTest]: McpClientServiceTest does not declare any static, non-private, non-final, nested classes annotated with @Configuration.
2025-09-21 00:10:24 - Found @SpringBootConfiguration com.interview.mcp.McpClientApplication for test class com.interview.mcp.McpClientServiceTest

  .   ____          _            __ _ _
 /\\ / ___'_ __ _ _(_)_ __  __ _ \ \ \ \
( ( )\___ | '_ | '_| | '_ \/ _` | \ \ \ \
 \\/  ___)| |_)| | | | | || (_| |  ) ) ) )
  '  |____| .__|_| |_|_| |_\__, | / / / /
 =========|_|==============|___/=/_/_/_/
 :: Spring Boot ::                (v3.2.0)

2025-09-21 00:10:24 - Starting McpClientServiceTest using Java 20.0.2 with PID 37300 (started by Spars in D:\Task-2\mcp-spring-boot-client_v2)
2025-09-21 00:10:24 - Running with Spring Boot v3.2.0, Spring v6.1.1
2025-09-21 00:10:24 - No active profile set, falling back to 1 default profile: "default"
2025-09-21 00:10:24 - Initializing MCP Client Service with 0 configured servers
2025-09-21 00:10:24 - Started McpClientServiceTest in 0.679 seconds (process running for 4.376)
]]></system-out>
  </testcase>
</testsuite>